
> docs@0.0.0 build /Users/pyotato/github/projects/solo/flab/tripie/apps/docs
> storybook build --docs --output-dir=/tmp/chromatic--77258-qKrerPj96ZIE

[1m@storybook/core v8.6.17
[22m
info => Cleaning outputDir: [36m../../../../../../../../../tmp/chromatic--77258-qKrerPj96ZIE[39m
info => Loading presets
info => Building manager..
info => Manager built ([38;2;181;126;229m82 ms[39m)
info => Building preview..
info Using tsconfig paths for react-docgen
[36mvite v5.4.16 [32mbuilding for production...[36m[39m
transforming...
[32m✓[39m 1576 modules transformed.
rendering chunks...
computing gzip size...
[2m../../../../../../../../../tmp/chromatic--77258-qKrerPj96ZIE/[22m[32miframe.html                                          [39m[1m[2m   18.20 kB[22m[1m[22m[2m │ gzip:   5.02 kB[22m
[2m../../../../../../../../../tmp/chromatic--77258-qKrerPj96ZIE/[22m[2massets/[22m[32mMaruBuri-Regular-MQ5TQ5WZ-DkUGRHmN.woff2      [39m[1m[2m  761.44 kB[22m[1m[22m
[2m../../../../../../../../../tmp/chromatic--77258-qKrerPj96ZIE/[22m[2massets/[22m[32mMaruBuri-Regular-6XBYLYCD-D66W1lz5.woff       [39m[1m[2m1,856.40 kB[22m[1m[22m
[2m../../../../../../../../../tmp/chromatic--77258-qKrerPj96ZIE/[22m[2massets/[22m[32mMaruBuri-Regular-JHIW7XXT-5qZ3cA23.eot        [39m[1m[2m3,314.15 kB[22m[1m[22m
[2m../../../../../../../../../tmp/chromatic--77258-qKrerPj96ZIE/[22m[2massets/[22m[32mMaruBuri-Regular-XBQOPUJH-DzyoUCrl.otf        [39m[1m[2m7,774.86 kB[22m[1m[22m
[2m../../../../../../../../../tmp/chromatic--77258-qKrerPj96ZIE/[22m[2massets/[22m[35mpreview-CN7r1Vqq.css                          [39m[1m[2m    9.25 kB[22m[1m[22m[2m │ gzip:   2.71 kB[22m
[2m../../../../../../../../../tmp/chromatic--77258-qKrerPj96ZIE/[22m[2massets/[22m[35manimated-text-hwAmroVb.css                    [39m[1m[2m  141.94 kB[22m[1m[22m[2m │ gzip:  38.38 kB[22m
[2m../../../../../../../../../tmp/chromatic--77258-qKrerPj96ZIE/[22m[2massets/[22m[35mstack-BKdqXnAA.css                            [39m[1m[2m  155.03 kB[22m[1m[22m[2m │ gzip:  40.26 kB[22m
[2m../../../../../../../../../tmp/chromatic--77258-qKrerPj96ZIE/[22m[2massets/[22m[35mindex-DGr1IqPk.css                            [39m[1m[2m  193.63 kB[22m[1m[22m[2m │ gzip:  48.42 kB[22m
[2m../../../../../../../../../tmp/chromatic--77258-qKrerPj96ZIE/[22m[2massets/[22m[35mindex-Vp3IvhT0.css                            [39m[1m[2m  313.95 kB[22m[1m[22m[2m │ gzip:  69.03 kB[22m
[2m../../../../../../../../../tmp/chromatic--77258-qKrerPj96ZIE/[22m[2massets/[22m[36mpreview-CvbIS5ZJ.js                           [39m[1m[2m    0.18 kB[22m[1m[22m[2m │ gzip:   0.16 kB[22m
[2m../../../../../../../../../tmp/chromatic--77258-qKrerPj96ZIE/[22m[2massets/[22m[36mpreview-BSx8o2rw.js                           [39m[1m[2m    0.39 kB[22m[1m[22m[2m │ gzip:   0.28 kB[22m
[2m../../../../../../../../../tmp/chromatic--77258-qKrerPj96ZIE/[22m[2massets/[22m[36mindex-RbKL8T8R.js                             [39m[1m[2m    0.42 kB[22m[1m[22m[2m │ gzip:   0.28 kB[22m
[2m../../../../../../../../../tmp/chromatic--77258-qKrerPj96ZIE/[22m[2massets/[22m[36mchunk-XP5HYGXS-BpfKkqn7.js                    [39m[1m[2m    0.71 kB[22m[1m[22m[2m │ gzip:   0.40 kB[22m
[2m../../../../../../../../../tmp/chromatic--77258-qKrerPj96ZIE/[22m[2massets/[22m[36mpreview-DGUiP6tS.js                           [39m[1m[2m    0.71 kB[22m[1m[22m[2m │ gzip:   0.49 kB[22m
[2m../../../../../../../../../tmp/chromatic--77258-qKrerPj96ZIE/[22m[2massets/[22m[36mindex-DrFu-skq.js                             [39m[1m[2m    0.77 kB[22m[1m[22m[2m │ gzip:   0.47 kB[22m
[2m../../../../../../../../../tmp/chromatic--77258-qKrerPj96ZIE/[22m[2massets/[22m[36mreact-18-B5AnO5i3.js                          [39m[1m[2m    0.80 kB[22m[1m[22m[2m │ gzip:   0.47 kB[22m
[2m../../../../../../../../../tmp/chromatic--77258-qKrerPj96ZIE/[22m[2massets/[22m[36mskeleton.stories-m6j26_GK.js                  [39m[1m[2m    0.83 kB[22m[1m[22m[2m │ gzip:   0.49 kB[22m
[2m../../../../../../../../../tmp/chromatic--77258-qKrerPj96ZIE/[22m[2massets/[22m[36mno-style-button.stories-CHpdFaII.js           [39m[1m[2m    0.83 kB[22m[1m[22m[2m │ gzip:   0.50 kB[22m
[2m../../../../../../../../../tmp/chromatic--77258-qKrerPj96ZIE/[22m[2massets/[22m[36mcalendar.stories-v2rjaaU2.js                  [39m[1m[2m    0.87 kB[22m[1m[22m[2m │ gzip:   0.53 kB[22m
[2m../../../../../../../../../tmp/chromatic--77258-qKrerPj96ZIE/[22m[2massets/[22m[36mglobe.stories-xQsYuno1.js                     [39m[1m[2m    0.89 kB[22m[1m[22m[2m │ gzip:   0.61 kB[22m
[2m../../../../../../../../../tmp/chromatic--77258-qKrerPj96ZIE/[22m[2massets/[22m[36mpreview-BR4GR9KF.js                           [39m[1m[2m    0.89 kB[22m[1m[22m[2m │ gzip:   0.57 kB[22m
[2m../../../../../../../../../tmp/chromatic--77258-qKrerPj96ZIE/[22m[2massets/[22m[36mswitch.stories-RWbc3sJ9.js                    [39m[1m[2m    0.91 kB[22m[1m[22m[2m │ gzip:   0.55 kB[22m
[2m../../../../../../../../../tmp/chromatic--77258-qKrerPj96ZIE/[22m[2massets/[22m[36mjsx-runtime-DFAAy_2V.js                       [39m[1m[2m    0.92 kB[22m[1m[22m[2m │ gzip:   0.58 kB[22m
[2m../../../../../../../../../tmp/chromatic--77258-qKrerPj96ZIE/[22m[2massets/[22m[36mparticle-field.stories-BrOI5d55.js            [39m[1m[2m    0.96 kB[22m[1m[22m[2m │ gzip:   0.56 kB[22m
[2m../../../../../../../../../tmp/chromatic--77258-qKrerPj96ZIE/[22m[2massets/[22m[36mbutton.stories-C4zePl1B.js                    [39m[1m[2m    0.97 kB[22m[1m[22m[2m │ gzip:   0.56 kB[22m
[2m../../../../../../../../../tmp/chromatic--77258-qKrerPj96ZIE/[22m[2massets/[22m[36mmenu-item.stories-CRIlleQk.js                 [39m[1m[2m    1.00 kB[22m[1m[22m[2m │ gzip:   0.72 kB[22m
[2m../../../../../../../../../tmp/chromatic--77258-qKrerPj96ZIE/[22m[2massets/[22m[36mparticle-background.stories-CXOi6-JA.js       [39m[1m[2m    1.02 kB[22m[1m[22m[2m │ gzip:   0.58 kB[22m
[2m../../../../../../../../../tmp/chromatic--77258-qKrerPj96ZIE/[22m[2massets/[22m[36mtext-underline-animation.stories-BXGyypGB.js  [39m[1m[2m    1.03 kB[22m[1m[22m[2m │ gzip:   0.66 kB[22m
[2m../../../../../../../../../tmp/chromatic--77258-qKrerPj96ZIE/[22m[2massets/[22m[36mrotating-blur.stories-5a0aZ_sa.js             [39m[1m[2m    1.04 kB[22m[1m[22m[2m │ gzip:   0.69 kB[22m
[2m../../../../../../../../../tmp/chromatic--77258-qKrerPj96ZIE/[22m[2massets/[22m[36mmenu.stories-CClsJzXI.js                      [39m[1m[2m    1.29 kB[22m[1m[22m[2m │ gzip:   0.79 kB[22m
[2m../../../../../../../../../tmp/chromatic--77258-qKrerPj96ZIE/[22m[2massets/[22m[36mmenu-list.stories-BjKyN_Qe.js                 [39m[1m[2m    1.34 kB[22m[1m[22m[2m │ gzip:   0.93 kB[22m
[2m../../../../../../../../../tmp/chromatic--77258-qKrerPj96ZIE/[22m[2massets/[22m[36mmap.stories-CrYAyQ0N.js                       [39m[1m[2m    1.40 kB[22m[1m[22m[2m │ gzip:   0.77 kB[22m
[2m../../../../../../../../../tmp/chromatic--77258-qKrerPj96ZIE/[22m[2massets/[22m[36msplash-screen.stories-CXtg_sUJ.js             [39m[1m[2m    1.60 kB[22m[1m[22m[2m │ gzip:   0.82 kB[22m
[2m../../../../../../../../../tmp/chromatic--77258-qKrerPj96ZIE/[22m[2massets/[22m[36maccordian.stories-BwbPACuB.js                 [39m[1m[2m    1.83 kB[22m[1m[22m[2m │ gzip:   0.94 kB[22m
[2m../../../../../../../../../tmp/chromatic--77258-qKrerPj96ZIE/[22m[2massets/[22m[36mchip.stories-BnnHBAZ3.js                      [39m[1m[2m    2.01 kB[22m[1m[22m[2m │ gzip:   0.86 kB[22m
[2m../../../../../../../../../tmp/chromatic--77258-qKrerPj96ZIE/[22m[2massets/[22m[36mlink.stories-DirVna3r.js                      [39m[1m[2m    2.09 kB[22m[1m[22m[2m │ gzip:   0.76 kB[22m
[2m../../../../../../../../../tmp/chromatic--77258-qKrerPj96ZIE/[22m[2massets/[22m[36mheadings.stories-HtukRm98.js                  [39m[1m[2m    2.14 kB[22m[1m[22m[2m │ gzip:   0.90 kB[22m
[2m../../../../../../../../../tmp/chromatic--77258-qKrerPj96ZIE/[22m[2massets/[22m[36mmenu-toggle.stories-ePbsIIQk.js               [39m[1m[2m    2.14 kB[22m[1m[22m[2m │ gzip:   0.97 kB[22m
[2m../../../../../../../../../tmp/chromatic--77258-qKrerPj96ZIE/[22m[2massets/[22m[36mdrawer.stories-DDOljDQy.js                    [39m[1m[2m    2.35 kB[22m[1m[22m[2m │ gzip:   1.12 kB[22m
[2m../../../../../../../../../tmp/chromatic--77258-qKrerPj96ZIE/[22m[2massets/[22m[36mpreview-SboqveVF.js                           [39m[1m[2m    2.47 kB[22m[1m[22m[2m │ gzip:   1.24 kB[22m
[2m../../../../../../../../../tmp/chromatic--77258-qKrerPj96ZIE/[22m[2massets/[22m[36mcontainer.stories-Cun2-ni-.js                 [39m[1m[2m    2.56 kB[22m[1m[22m[2m │ gzip:   0.97 kB[22m
[2m../../../../../../../../../tmp/chromatic--77258-qKrerPj96ZIE/[22m[2massets/[22m[36mcontainer.stories-CRZ61C2J.js                 [39m[1m[2m    2.57 kB[22m[1m[22m[2m │ gzip:   0.98 kB[22m
[2m../../../../../../../../../tmp/chromatic--77258-qKrerPj96ZIE/[22m[2massets/[22m[36mlist-item.stories-D3GDNu5P.js                 [39m[1m[2m    2.57 kB[22m[1m[22m[2m │ gzip:   0.99 kB[22m
[2m../../../../../../../../../tmp/chromatic--77258-qKrerPj96ZIE/[22m[2massets/[22m[36mlist.stories-N8eaQGzK.js                      [39m[1m[2m    2.77 kB[22m[1m[22m[2m │ gzip:   1.06 kB[22m
[2m../../../../../../../../../tmp/chromatic--77258-qKrerPj96ZIE/[22m[2massets/[22m[36manimated-button.stories-DgOQUTLq.js           [39m[1m[2m    2.83 kB[22m[1m[22m[2m │ gzip:   0.85 kB[22m
[2m../../../../../../../../../tmp/chromatic--77258-qKrerPj96ZIE/[22m[2massets/[22m[36micon.stories-DGPgV5NL.js                      [39m[1m[2m    3.07 kB[22m[1m[22m[2m │ gzip:   1.07 kB[22m
[2m../../../../../../../../../tmp/chromatic--77258-qKrerPj96ZIE/[22m[2massets/[22m[36mcard.stories-BSbQv7My.js                      [39m[1m[2m    3.08 kB[22m[1m[22m[2m │ gzip:   1.16 kB[22m
[2m../../../../../../../../../tmp/chromatic--77258-qKrerPj96ZIE/[22m[2massets/[22m[36mpreview-DD_OYowb.js                           [39m[1m[2m    3.51 kB[22m[1m[22m[2m │ gzip:   1.69 kB[22m
[2m../../../../../../../../../tmp/chromatic--77258-qKrerPj96ZIE/[22m[2massets/[22m[36mdivider.stories-KGNYLDs8.js                   [39m[1m[2m    3.61 kB[22m[1m[22m[2m │ gzip:   0.90 kB[22m
[2m../../../../../../../../../tmp/chromatic--77258-qKrerPj96ZIE/[22m[2massets/[22m[36mcard.stories-bktpv_tQ.js                      [39m[1m[2m    4.08 kB[22m[1m[22m[2m │ gzip:   1.25 kB[22m
[2m../../../../../../../../../tmp/chromatic--77258-qKrerPj96ZIE/[22m[2massets/[22m[36mindex-B2-j0I-u.js                             [39m[1m[2m    4.10 kB[22m[1m[22m[2m │ gzip:   1.79 kB[22m
[2m../../../../../../../../../tmp/chromatic--77258-qKrerPj96ZIE/[22m[2massets/[22m[36mtext.stories-BExjQXwQ.js                      [39m[1m[2m    4.14 kB[22m[1m[22m[2m │ gzip:   1.44 kB[22m
[2m../../../../../../../../../tmp/chromatic--77258-qKrerPj96ZIE/[22m[2massets/[22m[36mtext-fill-animation.stories-DUXI5rNF.js       [39m[1m[2m    4.40 kB[22m[1m[22m[2m │ gzip:   1.82 kB[22m
[2m../../../../../../../../../tmp/chromatic--77258-qKrerPj96ZIE/[22m[2massets/[22m[36mpreview-B8lJiyuQ.js                           [39m[1m[2m    5.06 kB[22m[1m[22m[2m │ gzip:   1.89 kB[22m
[2m../../../../../../../../../tmp/chromatic--77258-qKrerPj96ZIE/[22m[2massets/[22m[36mtable.stories-Cyl6Bzvo.js                     [39m[1m[2m    6.49 kB[22m[1m[22m[2m │ gzip:   1.89 kB[22m
[2m../../../../../../../../../tmp/chromatic--77258-qKrerPj96ZIE/[22m[2massets/[22m[36mindex-Bc2G9s8g.js                             [39m[1m[2m    7.35 kB[22m[1m[22m[2m │ gzip:   2.96 kB[22m
[2m../../../../../../../../../tmp/chromatic--77258-qKrerPj96ZIE/[22m[2massets/[22m[36mpreview-BWzBA1C2.js                           [39m[1m[2m    7.62 kB[22m[1m[22m[2m │ gzip:   1.57 kB[22m
[2m../../../../../../../../../tmp/chromatic--77258-qKrerPj96ZIE/[22m[2massets/[22m[36mpreview-BBWR9nbA.js                           [39m[1m[2m    8.12 kB[22m[1m[22m[2m │ gzip:   3.08 kB[22m
[2m../../../../../../../../../tmp/chromatic--77258-qKrerPj96ZIE/[22m[2massets/[22m[36mimage.stories-D5Rp9IUN.js                     [39m[1m[2m    9.28 kB[22m[1m[22m[2m │ gzip:   2.49 kB[22m
[2m../../../../../../../../../tmp/chromatic--77258-qKrerPj96ZIE/[22m[2massets/[22m[36mcarousel.stories-qwNFJWok.js                  [39m[1m[2m   11.47 kB[22m[1m[22m[2m │ gzip:   4.01 kB[22m
[2m../../../../../../../../../tmp/chromatic--77258-qKrerPj96ZIE/[22m[2massets/[22m[36mtest-utils-D6tu3xiU.js                        [39m[1m[2m   12.94 kB[22m[1m[22m[2m │ gzip:   5.00 kB[22m
[2m../../../../../../../../../tmp/chromatic--77258-qKrerPj96ZIE/[22m[2massets/[22m[36mColor-YHDXOIA2-B10l-d0C.js                    [39m[1m[2m   29.34 kB[22m[1m[22m[2m │ gzip:  10.93 kB[22m
[2m../../../../../../../../../tmp/chromatic--77258-qKrerPj96ZIE/[22m[2massets/[22m[36mentry-preview-B6qa-4qA.js                     [39m[1m[2m   29.75 kB[22m[1m[22m[2m │ gzip:   9.47 kB[22m
[2m../../../../../../../../../tmp/chromatic--77258-qKrerPj96ZIE/[22m[2massets/[22m[36mindex-BMdOMNXv.js                             [39m[1m[2m   57.14 kB[22m[1m[22m[2m │ gzip:  16.22 kB[22m
[2m../../../../../../../../../tmp/chromatic--77258-qKrerPj96ZIE/[22m[2massets/[22m[36mproxy-DjO3rVLx.js                             [39m[1m[2m  111.57 kB[22m[1m[22m[2m │ gzip:  36.62 kB[22m
[2m../../../../../../../../../tmp/chromatic--77258-qKrerPj96ZIE/[22m[2massets/[22m[36mindex-BO6cjGmN.js                             [39m[1m[2m  133.96 kB[22m[1m[22m[2m │ gzip:  43.15 kB[22m
[2m../../../../../../../../../tmp/chromatic--77258-qKrerPj96ZIE/[22m[2massets/[22m[36manimated-text.stories-Dfh-_7Le.js             [39m[1m[2m  159.28 kB[22m[1m[22m[2m │ gzip:  41.50 kB[22m
[2m../../../../../../../../../tmp/chromatic--77258-qKrerPj96ZIE/[22m[2massets/[22m[36mstack.stories-RGKTkF3s.js                     [39m[1m[2m  167.93 kB[22m[1m[22m[2m │ gzip:  43.38 kB[22m
[2m../../../../../../../../../tmp/chromatic--77258-qKrerPj96ZIE/[22m[2massets/[22m[36mindex-Bv8glmQG.js                             [39m[1m[2m  205.52 kB[22m[1m[22m[2m │ gzip:  50.75 kB[22m
[2m../../../../../../../../../tmp/chromatic--77258-qKrerPj96ZIE/[22m[2massets/[22m[36miframe-ljkqGyyB.js                            [39m[1m[2m  220.77 kB[22m[1m[22m[2m │ gzip:  72.83 kB[22m
[2m../../../../../../../../../tmp/chromatic--77258-qKrerPj96ZIE/[22m[2massets/[22m[36mentry-preview-docs-C_mz4tch.js                [39m[1m[2m  244.67 kB[22m[1m[22m[2m │ gzip:  72.53 kB[22m
[2m../../../../../../../../../tmp/chromatic--77258-qKrerPj96ZIE/[22m[2massets/[22m[36mindex-CvgHHz6_.js                             [39m[1m[2m  297.73 kB[22m[1m[22m[2m │ gzip:  78.56 kB[22m
[2m../../../../../../../../../tmp/chromatic--77258-qKrerPj96ZIE/[22m[2massets/[22m[36mindex-B1ONP-aE.js                             [39m[1m[33m  503.60 kB[39m[22m[2m │ gzip: 141.83 kB[22m
[2m../../../../../../../../../tmp/chromatic--77258-qKrerPj96ZIE/[22m[2massets/[22m[36mindex-D6RuBQG-.js                             [39m[1m[33m  662.20 kB[39m[22m[2m │ gzip: 156.35 kB[22m
[2m../../../../../../../../../tmp/chromatic--77258-qKrerPj96ZIE/[22m[2massets/[22m[36mmaplibre-gl-CRYZp4eK.js                       [39m[1m[33m  825.19 kB[39m[22m[2m │ gzip: 224.54 kB[22m
[2m../../../../../../../../../tmp/chromatic--77258-qKrerPj96ZIE/[22m[2massets/[22m[36mDocsRenderer-CFRXHY34-C4C7--Ez.js             [39m[1m[33m  883.44 kB[39m[22m[2m │ gzip: 273.81 kB[22m
[2m../../../../../../../../../tmp/chromatic--77258-qKrerPj96ZIE/[22m[2massets/[22m[36mreact-globe.gl-Cd6zyNE2.js                    [39m[1m[33m1,820.83 kB[39m[22m[2m │ gzip: 514.53 kB[22m
[32m✓ built in 8.48s[39m
info => Preview built ([38;2;181;126;229m9.48 s[39m)
info => Output directory: /tmp/chromatic--77258-qKrerPj96ZIE
